2024-01-25 00:07:15.194  INFO 6744 --- [restartedMain] c.i.ordersystem.OrdersystemApplication   : Starting OrdersystemApplication using Java 1.8.0_392 on INT063 with PID 6744 (C:\Users\User\Documents\OrderSystem\ordersystem\build\classes\java\main started by User in C:\Users\User\Documents\OrderSystem\ordersystem)
2024-01-25 00:07:15.203  INFO 6744 --- [restartedMain] c.i.ordersystem.OrdersystemApplication   : No active profile set, falling back to default profiles: default
2024-01-25 00:07:15.255  INFO 6744 --- [restartedMain] .e.DevToolsPropertyDefaultsPostProcessor : Devtools property defaults active! Set 'spring.devtools.add-properties' to 'false' to disable
2024-01-25 00:07:15.255  INFO 6744 --- [restartedMain] .e.DevToolsPropertyDefaultsPostProcessor : For additional web related logging consider setting the 'logging.level.web' property to 'DEBUG'
2024-01-25 00:07:16.095  INFO 6744 --- [restartedMain] .s.d.r.c.RepositoryConfigurationDelegate : Bootstrapping Spring Data JPA repositories in DEFAULT mode.
2024-01-25 00:07:16.211  INFO 6744 --- [restartedMain] .s.d.r.c.RepositoryConfigurationDelegate : Finished Spring Data repository scanning in 95 ms. Found 6 JPA repository interfaces.
2024-01-25 00:07:17.386  INFO 6744 --- [restartedMain] o.s.b.w.embedded.tomcat.TomcatWebServer  : Tomcat initialized with port(s): 8084 (http)
2024-01-25 00:07:17.396  INFO 6744 --- [restartedMain] o.apache.catalina.core.StandardService   : Starting service [Tomcat]
2024-01-25 00:07:17.397  INFO 6744 --- [restartedMain] org.apache.catalina.core.StandardEngine  : Starting Servlet engine: [Apache Tomcat/9.0.56]
2024-01-25 00:07:17.563  INFO 6744 --- [restartedMain] o.a.c.c.C.[Tomcat].[localhost].[/]       : Initializing Spring embedded WebApplicationContext
2024-01-25 00:07:17.564  INFO 6744 --- [restartedMain] w.s.c.ServletWebServerApplicationContext : Root WebApplicationContext: initialization completed in 2307 ms
2024-01-25 00:07:17.713  INFO 6744 --- [restartedMain] com.zaxxer.hikari.HikariDataSource       : HikariPool-1 - Starting...
2024-01-25 00:07:17.880  INFO 6744 --- [restartedMain] com.zaxxer.hikari.HikariDataSource       : HikariPool-1 - Start completed.
2024-01-25 00:07:17.939  INFO 6744 --- [restartedMain] o.hibernate.jpa.internal.util.LogHelper  : HHH000204: Processing PersistenceUnitInfo [name: default]
2024-01-25 00:07:18.007  INFO 6744 --- [restartedMain] org.hibernate.Version                    : HHH000412: Hibernate ORM core version 5.6.4.Final
2024-01-25 00:07:18.207  INFO 6744 --- [restartedMain] o.hibernate.annotations.common.Version   : HCANN000001: Hibernate Commons Annotations {5.1.2.Final}
2024-01-25 00:07:18.348  INFO 6744 --- [restartedMain] org.hibernate.dialect.Dialect            : HHH000400: Using dialect: org.hibernate.dialect.MySQL8Dialect
2024-01-25 00:07:19.362  INFO 6744 --- [restartedMain] o.h.e.t.j.p.i.JtaPlatformInitiator       : HHH000490: Using JtaPlatform implementation: [org.hibernate.engine.transaction.jta.platform.internal.NoJtaPlatform]
2024-01-25 00:07:19.374  INFO 6744 --- [restartedMain] j.LocalContainerEntityManagerFactoryBean : Initialized JPA EntityManagerFactory for persistence unit 'default'
2024-01-25 00:07:19.926  WARN 6744 --- [restartedMain] JpaBaseConfiguration$JpaWebConfiguration : spring.jpa.open-in-view is enabled by default. Therefore, database queries may be performed during view rendering. Explicitly configure spring.jpa.open-in-view to disable this warning
2024-01-25 00:07:20.382  WARN 6744 --- [restartedMain] o.s.b.d.a.OptionalLiveReloadServer       : Unable to start LiveReload server
2024-01-25 00:07:20.416  INFO 6744 --- [restartedMain] o.s.b.w.embedded.tomcat.TomcatWebServer  : Tomcat started on port(s): 8084 (http) with context path ''
2024-01-25 00:07:20.425  INFO 6744 --- [restartedMain] c.i.ordersystem.OrdersystemApplication   : Started OrdersystemApplication in 5.763 seconds (JVM running for 6.329)
2024-01-25 00:07:26.999  INFO 6744 --- [http-nio-8084-exec-1] o.a.c.c.C.[Tomcat].[localhost].[/]       : Initializing Spring DispatcherServlet 'dispatcherServlet'
2024-01-25 00:07:26.999  INFO 6744 --- [http-nio-8084-exec-1] o.s.web.servlet.DispatcherServlet        : Initializing Servlet 'dispatcherServlet'
2024-01-25 00:07:27.000  INFO 6744 --- [http-nio-8084-exec-1] o.s.web.servlet.DispatcherServlet        : Completed initialization in 1 ms
2024-01-25 01:19:25.994  INFO 16468 --- [restartedMain] c.i.ordersystem.OrdersystemApplication   : Starting OrdersystemApplication using Java 1.8.0_392 on INT063 with PID 16468 (C:\Users\User\Documents\OrderSystem\ordersystem\build\classes\java\main started by User in C:\Users\User\Documents\OrderSystem\ordersystem)
2024-01-25 01:19:25.995  INFO 16468 --- [restartedMain] c.i.ordersystem.OrdersystemApplication   : No active profile set, falling back to default profiles: default
2024-01-25 01:19:26.049  INFO 16468 --- [restartedMain] .e.DevToolsPropertyDefaultsPostProcessor : Devtools property defaults active! Set 'spring.devtools.add-properties' to 'false' to disable
2024-01-25 01:19:26.049  INFO 16468 --- [restartedMain] .e.DevToolsPropertyDefaultsPostProcessor : For additional web related logging consider setting the 'logging.level.web' property to 'DEBUG'
2024-01-25 01:19:27.215  INFO 16468 --- [restartedMain] .s.d.r.c.RepositoryConfigurationDelegate : Bootstrapping Spring Data JPA repositories in DEFAULT mode.
2024-01-25 01:19:27.318  INFO 16468 --- [restartedMain] .s.d.r.c.RepositoryConfigurationDelegate : Finished Spring Data repository scanning in 90 ms. Found 6 JPA repository interfaces.
2024-01-25 01:19:28.320  INFO 16468 --- [restartedMain] o.s.b.w.embedded.tomcat.TomcatWebServer  : Tomcat initialized with port(s): 8084 (http)
2024-01-25 01:19:28.336  INFO 16468 --- [restartedMain] o.apache.catalina.core.StandardService   : Starting service [Tomcat]
2024-01-25 01:19:28.336  INFO 16468 --- [restartedMain] org.apache.catalina.core.StandardEngine  : Starting Servlet engine: [Apache Tomcat/9.0.56]
2024-01-25 01:19:28.484  INFO 16468 --- [restartedMain] o.a.c.c.C.[Tomcat].[localhost].[/]       : Initializing Spring embedded WebApplicationContext
2024-01-25 01:19:28.484  INFO 16468 --- [restartedMain] w.s.c.ServletWebServerApplicationContext : Root WebApplicationContext: initialization completed in 2434 ms
2024-01-25 01:19:28.608  INFO 16468 --- [restartedMain] com.zaxxer.hikari.HikariDataSource       : HikariPool-1 - Starting...
2024-01-25 01:19:28.793  INFO 16468 --- [restartedMain] com.zaxxer.hikari.HikariDataSource       : HikariPool-1 - Start completed.
2024-01-25 01:19:28.840  INFO 16468 --- [restartedMain] o.hibernate.jpa.internal.util.LogHelper  : HHH000204: Processing PersistenceUnitInfo [name: default]
2024-01-25 01:19:28.897  INFO 16468 --- [restartedMain] org.hibernate.Version                    : HHH000412: Hibernate ORM core version 5.6.4.Final
2024-01-25 01:19:29.077  INFO 16468 --- [restartedMain] o.hibernate.annotations.common.Version   : HCANN000001: Hibernate Commons Annotations {5.1.2.Final}
2024-01-25 01:19:29.184  INFO 16468 --- [restartedMain] org.hibernate.dialect.Dialect            : HHH000400: Using dialect: org.hibernate.dialect.MySQL8Dialect
2024-01-25 01:19:30.155  INFO 16468 --- [restartedMain] o.h.e.t.j.p.i.JtaPlatformInitiator       : HHH000490: Using JtaPlatform implementation: [org.hibernate.engine.transaction.jta.platform.internal.NoJtaPlatform]
2024-01-25 01:19:30.170  INFO 16468 --- [restartedMain] j.LocalContainerEntityManagerFactoryBean : Initialized JPA EntityManagerFactory for persistence unit 'default'
2024-01-25 01:19:30.779  WARN 16468 --- [restartedMain] JpaBaseConfiguration$JpaWebConfiguration : spring.jpa.open-in-view is enabled by default. Therefore, database queries may be performed during view rendering. Explicitly configure spring.jpa.open-in-view to disable this warning
2024-01-25 01:19:31.279  WARN 16468 --- [restartedMain] o.s.b.d.a.OptionalLiveReloadServer       : Unable to start LiveReload server
2024-01-25 01:19:31.304  INFO 16468 --- [restartedMain] o.s.b.w.embedded.tomcat.TomcatWebServer  : Tomcat started on port(s): 8084 (http) with context path ''
2024-01-25 01:19:31.312  INFO 16468 --- [restartedMain] c.i.ordersystem.OrdersystemApplication   : Started OrdersystemApplication in 5.826 seconds (JVM running for 6.505)
2024-01-25 01:19:50.272  INFO 16468 --- [http-nio-8084-exec-1] o.a.c.c.C.[Tomcat].[localhost].[/]       : Initializing Spring DispatcherServlet 'dispatcherServlet'
2024-01-25 01:19:50.272  INFO 16468 --- [http-nio-8084-exec-1] o.s.web.servlet.DispatcherServlet        : Initializing Servlet 'dispatcherServlet'
2024-01-25 01:19:50.273  INFO 16468 --- [http-nio-8084-exec-1] o.s.web.servlet.DispatcherServlet        : Completed initialization in 1 ms
2024-01-25 01:22:21.322  INFO 9784 --- [restartedMain] c.i.ordersystem.OrdersystemApplication   : Starting OrdersystemApplication using Java 1.8.0_392 on INT063 with PID 9784 (C:\Users\User\Documents\OrderSystem\ordersystem\build\classes\java\main started by User in C:\Users\User\Documents\OrderSystem\ordersystem)
2024-01-25 01:22:21.323  INFO 9784 --- [restartedMain] c.i.ordersystem.OrdersystemApplication   : No active profile set, falling back to default profiles: default
2024-01-25 01:22:21.368  INFO 9784 --- [restartedMain] .e.DevToolsPropertyDefaultsPostProcessor : Devtools property defaults active! Set 'spring.devtools.add-properties' to 'false' to disable
2024-01-25 01:22:21.369  INFO 9784 --- [restartedMain] .e.DevToolsPropertyDefaultsPostProcessor : For additional web related logging consider setting the 'logging.level.web' property to 'DEBUG'
2024-01-25 01:22:22.115  INFO 9784 --- [restartedMain] .s.d.r.c.RepositoryConfigurationDelegate : Bootstrapping Spring Data JPA repositories in DEFAULT mode.
2024-01-25 01:22:22.200  INFO 9784 --- [restartedMain] .s.d.r.c.RepositoryConfigurationDelegate : Finished Spring Data repository scanning in 76 ms. Found 6 JPA repository interfaces.
2024-01-25 01:22:23.081  INFO 9784 --- [restartedMain] o.s.b.w.embedded.tomcat.TomcatWebServer  : Tomcat initialized with port(s): 8084 (http)
2024-01-25 01:22:23.095  INFO 9784 --- [restartedMain] o.apache.catalina.core.StandardService   : Starting service [Tomcat]
2024-01-25 01:22:23.095  INFO 9784 --- [restartedMain] org.apache.catalina.core.StandardEngine  : Starting Servlet engine: [Apache Tomcat/9.0.56]
2024-01-25 01:22:23.278  INFO 9784 --- [restartedMain] o.a.c.c.C.[.[.[/technical-exercise]      : Initializing Spring embedded WebApplicationContext
2024-01-25 01:22:23.279  INFO 9784 --- [restartedMain] w.s.c.ServletWebServerApplicationContext : Root WebApplicationContext: initialization completed in 1909 ms
2024-01-25 01:22:23.415  INFO 9784 --- [restartedMain] com.zaxxer.hikari.HikariDataSource       : HikariPool-1 - Starting...
2024-01-25 01:22:23.561  INFO 9784 --- [restartedMain] com.zaxxer.hikari.HikariDataSource       : HikariPool-1 - Start completed.
2024-01-25 01:22:23.611  INFO 9784 --- [restartedMain] o.hibernate.jpa.internal.util.LogHelper  : HHH000204: Processing PersistenceUnitInfo [name: default]
2024-01-25 01:22:23.662  INFO 9784 --- [restartedMain] org.hibernate.Version                    : HHH000412: Hibernate ORM core version 5.6.4.Final
2024-01-25 01:22:23.844  INFO 9784 --- [restartedMain] o.hibernate.annotations.common.Version   : HCANN000001: Hibernate Commons Annotations {5.1.2.Final}
2024-01-25 01:22:23.966  INFO 9784 --- [restartedMain] org.hibernate.dialect.Dialect            : HHH000400: Using dialect: org.hibernate.dialect.MySQL8Dialect
2024-01-25 01:22:24.827  INFO 9784 --- [restartedMain] o.h.e.t.j.p.i.JtaPlatformInitiator       : HHH000490: Using JtaPlatform implementation: [org.hibernate.engine.transaction.jta.platform.internal.NoJtaPlatform]
2024-01-25 01:22:24.835  INFO 9784 --- [restartedMain] j.LocalContainerEntityManagerFactoryBean : Initialized JPA EntityManagerFactory for persistence unit 'default'
2024-01-25 01:22:25.399  WARN 9784 --- [restartedMain] JpaBaseConfiguration$JpaWebConfiguration : spring.jpa.open-in-view is enabled by default. Therefore, database queries may be performed during view rendering. Explicitly configure spring.jpa.open-in-view to disable this warning
2024-01-25 01:22:25.861  WARN 9784 --- [restartedMain] o.s.b.d.a.OptionalLiveReloadServer       : Unable to start LiveReload server
2024-01-25 01:22:25.895  INFO 9784 --- [restartedMain] o.s.b.w.embedded.tomcat.TomcatWebServer  : Tomcat started on port(s): 8084 (http) with context path '/technical-exercise'
2024-01-25 01:22:25.906  INFO 9784 --- [restartedMain] c.i.ordersystem.OrdersystemApplication   : Started OrdersystemApplication in 5.064 seconds (JVM running for 5.671)
2024-01-25 01:22:35.647  INFO 9784 --- [http-nio-8084-exec-1] o.a.c.c.C.[.[.[/technical-exercise]      : Initializing Spring DispatcherServlet 'dispatcherServlet'
2024-01-25 01:22:35.648  INFO 9784 --- [http-nio-8084-exec-1] o.s.web.servlet.DispatcherServlet        : Initializing Servlet 'dispatcherServlet'
2024-01-25 01:22:35.649  INFO 9784 --- [http-nio-8084-exec-1] o.s.web.servlet.DispatcherServlet        : Completed initialization in 1 ms
2024-01-25 01:23:03.943  INFO 13864 --- [restartedMain] c.i.ordersystem.OrdersystemApplication   : Starting OrdersystemApplication using Java 1.8.0_392 on INT063 with PID 13864 (C:\Users\User\Documents\OrderSystem\ordersystem\build\classes\java\main started by User in C:\Users\User\Documents\OrderSystem\ordersystem)
2024-01-25 01:23:03.944  INFO 13864 --- [restartedMain] c.i.ordersystem.OrdersystemApplication   : No active profile set, falling back to default profiles: default
2024-01-25 01:23:03.989  INFO 13864 --- [restartedMain] .e.DevToolsPropertyDefaultsPostProcessor : Devtools property defaults active! Set 'spring.devtools.add-properties' to 'false' to disable
2024-01-25 01:23:03.989  INFO 13864 --- [restartedMain] .e.DevToolsPropertyDefaultsPostProcessor : For additional web related logging consider setting the 'logging.level.web' property to 'DEBUG'
2024-01-25 01:23:04.725  INFO 13864 --- [restartedMain] .s.d.r.c.RepositoryConfigurationDelegate : Bootstrapping Spring Data JPA repositories in DEFAULT mode.
2024-01-25 01:23:04.810  INFO 13864 --- [restartedMain] .s.d.r.c.RepositoryConfigurationDelegate : Finished Spring Data repository scanning in 73 ms. Found 6 JPA repository interfaces.
2024-01-25 01:23:05.685  INFO 13864 --- [restartedMain] o.s.b.w.embedded.tomcat.TomcatWebServer  : Tomcat initialized with port(s): 8084 (http)
2024-01-25 01:23:05.701  INFO 13864 --- [restartedMain] o.apache.catalina.core.StandardService   : Starting service [Tomcat]
2024-01-25 01:23:05.702  INFO 13864 --- [restartedMain] org.apache.catalina.core.StandardEngine  : Starting Servlet engine: [Apache Tomcat/9.0.56]
2024-01-25 01:23:05.844  INFO 13864 --- [restartedMain] o.a.c.c.C.[.[.[/technical-exercise]      : Initializing Spring embedded WebApplicationContext
2024-01-25 01:23:05.845  INFO 13864 --- [restartedMain] w.s.c.ServletWebServerApplicationContext : Root WebApplicationContext: initialization completed in 1855 ms
2024-01-25 01:23:05.987  INFO 13864 --- [restartedMain] com.zaxxer.hikari.HikariDataSource       : HikariPool-1 - Starting...
2024-01-25 01:23:06.147  INFO 13864 --- [restartedMain] com.zaxxer.hikari.HikariDataSource       : HikariPool-1 - Start completed.
2024-01-25 01:23:06.201  INFO 13864 --- [restartedMain] o.hibernate.jpa.internal.util.LogHelper  : HHH000204: Processing PersistenceUnitInfo [name: default]
2024-01-25 01:23:06.276  INFO 13864 --- [restartedMain] org.hibernate.Version                    : HHH000412: Hibernate ORM core version 5.6.4.Final
2024-01-25 01:23:06.450  INFO 13864 --- [restartedMain] o.hibernate.annotations.common.Version   : HCANN000001: Hibernate Commons Annotations {5.1.2.Final}
2024-01-25 01:23:06.608  INFO 13864 --- [restartedMain] org.hibernate.dialect.Dialect            : HHH000400: Using dialect: org.hibernate.dialect.MySQL8Dialect
2024-01-25 01:23:07.405  INFO 13864 --- [restartedMain] o.h.e.t.j.p.i.JtaPlatformInitiator       : HHH000490: Using JtaPlatform implementation: [org.hibernate.engine.transaction.jta.platform.internal.NoJtaPlatform]
2024-01-25 01:23:07.413  INFO 13864 --- [restartedMain] j.LocalContainerEntityManagerFactoryBean : Initialized JPA EntityManagerFactory for persistence unit 'default'
2024-01-25 01:23:08.003  WARN 13864 --- [restartedMain] JpaBaseConfiguration$JpaWebConfiguration : spring.jpa.open-in-view is enabled by default. Therefore, database queries may be performed during view rendering. Explicitly configure spring.jpa.open-in-view to disable this warning
2024-01-25 01:23:08.481  WARN 13864 --- [restartedMain] o.s.b.d.a.OptionalLiveReloadServer       : Unable to start LiveReload server
2024-01-25 01:23:08.513  INFO 13864 --- [restartedMain] o.s.b.w.embedded.tomcat.TomcatWebServer  : Tomcat started on port(s): 8084 (http) with context path '/technical-exercise'
2024-01-25 01:23:08.523  INFO 13864 --- [restartedMain] c.i.ordersystem.OrdersystemApplication   : Started OrdersystemApplication in 5.034 seconds (JVM running for 5.581)
2024-01-25 01:26:45.935  INFO 13104 --- [restartedMain] c.i.ordersystem.OrdersystemApplication   : Starting OrdersystemApplication using Java 1.8.0_392 on INT063 with PID 13104 (C:\Users\User\Documents\OrderSystem\ordersystem\build\classes\java\main started by User in C:\Users\User\Documents\OrderSystem\ordersystem)
2024-01-25 01:26:45.936  INFO 13104 --- [restartedMain] c.i.ordersystem.OrdersystemApplication   : No active profile set, falling back to default profiles: default
2024-01-25 01:26:45.989  INFO 13104 --- [restartedMain] .e.DevToolsPropertyDefaultsPostProcessor : Devtools property defaults active! Set 'spring.devtools.add-properties' to 'false' to disable
2024-01-25 01:26:45.989  INFO 13104 --- [restartedMain] .e.DevToolsPropertyDefaultsPostProcessor : For additional web related logging consider setting the 'logging.level.web' property to 'DEBUG'
2024-01-25 01:26:47.137  INFO 13104 --- [restartedMain] .s.d.r.c.RepositoryConfigurationDelegate : Bootstrapping Spring Data JPA repositories in DEFAULT mode.
2024-01-25 01:26:47.238  INFO 13104 --- [restartedMain] .s.d.r.c.RepositoryConfigurationDelegate : Finished Spring Data repository scanning in 82 ms. Found 6 JPA repository interfaces.
2024-01-25 01:26:48.150  INFO 13104 --- [restartedMain] o.s.b.w.embedded.tomcat.TomcatWebServer  : Tomcat initialized with port(s): 8084 (http)
2024-01-25 01:26:48.162  INFO 13104 --- [restartedMain] o.apache.catalina.core.StandardService   : Starting service [Tomcat]
2024-01-25 01:26:48.163  INFO 13104 --- [restartedMain] org.apache.catalina.core.StandardEngine  : Starting Servlet engine: [Apache Tomcat/9.0.56]
2024-01-25 01:26:48.322  INFO 13104 --- [restartedMain] o.a.c.c.C.[.[.[/technical-exercise]      : Initializing Spring embedded WebApplicationContext
2024-01-25 01:26:48.322  INFO 13104 --- [restartedMain] w.s.c.ServletWebServerApplicationContext : Root WebApplicationContext: initialization completed in 2332 ms
2024-01-25 01:26:48.480  INFO 13104 --- [restartedMain] com.zaxxer.hikari.HikariDataSource       : HikariPool-1 - Starting...
2024-01-25 01:26:48.635  INFO 13104 --- [restartedMain] com.zaxxer.hikari.HikariDataSource       : HikariPool-1 - Start completed.
2024-01-25 01:26:48.692  INFO 13104 --- [restartedMain] o.hibernate.jpa.internal.util.LogHelper  : HHH000204: Processing PersistenceUnitInfo [name: default]
2024-01-25 01:26:48.752  INFO 13104 --- [restartedMain] org.hibernate.Version                    : HHH000412: Hibernate ORM core version 5.6.4.Final
2024-01-25 01:26:48.932  INFO 13104 --- [restartedMain] o.hibernate.annotations.common.Version   : HCANN000001: Hibernate Commons Annotations {5.1.2.Final}
2024-01-25 01:26:49.043  INFO 13104 --- [restartedMain] org.hibernate.dialect.Dialect            : HHH000400: Using dialect: org.hibernate.dialect.MySQL8Dialect
2024-01-25 01:26:49.816  INFO 13104 --- [restartedMain] o.h.e.t.j.p.i.JtaPlatformInitiator       : HHH000490: Using JtaPlatform implementation: [org.hibernate.engine.transaction.jta.platform.internal.NoJtaPlatform]
2024-01-25 01:26:49.824  INFO 13104 --- [restartedMain] j.LocalContainerEntityManagerFactoryBean : Initialized JPA EntityManagerFactory for persistence unit 'default'
2024-01-25 01:26:50.392  WARN 13104 --- [restartedMain] JpaBaseConfiguration$JpaWebConfiguration : spring.jpa.open-in-view is enabled by default. Therefore, database queries may be performed during view rendering. Explicitly configure spring.jpa.open-in-view to disable this warning
2024-01-25 01:26:50.846  WARN 13104 --- [restartedMain] o.s.b.d.a.OptionalLiveReloadServer       : Unable to start LiveReload server
2024-01-25 01:26:50.871  INFO 13104 --- [restartedMain] o.s.b.w.embedded.tomcat.TomcatWebServer  : Tomcat started on port(s): 8084 (http) with context path '/technical-exercise'
2024-01-25 01:26:50.881  INFO 13104 --- [restartedMain] c.i.ordersystem.OrdersystemApplication   : Started OrdersystemApplication in 5.456 seconds (JVM running for 6.144)
2024-01-25 01:27:23.172  INFO 13104 --- [http-nio-8084-exec-2] o.a.c.c.C.[.[.[/technical-exercise]      : Initializing Spring DispatcherServlet 'dispatcherServlet'
2024-01-25 01:27:23.172  INFO 13104 --- [http-nio-8084-exec-2] o.s.web.servlet.DispatcherServlet        : Initializing Servlet 'dispatcherServlet'
2024-01-25 01:27:23.178  INFO 13104 --- [http-nio-8084-exec-2] o.s.web.servlet.DispatcherServlet        : Completed initialization in 6 ms
